{"/Users/shubs/1cs/projects/hoohacks26/packages/mobile/src/components/map/RadiusCircle.tsx": {"path":"/Users/shubs/1cs/projects/hoohacks26/packages/mobile/src/components/map/RadiusCircle.tsx","statementMap":{"0":{"start":{"line":19,"column":2},"end":{"line":28,"column":4}}},"fnMap":{"0":{"name":"RadiusCircle","decl":{"start":{"line":12,"column":16},"end":{"line":12,"column":28}},"loc":{"start":{"line":18,"column":10},"end":{"line":29,"column":1}},"line":18}},"branchMap":{"0":{"loc":{"start":{"line":16,"column":2},"end":{"line":16,"column":40}},"type":"default-arg","locations":[{"start":{"line":16,"column":16},"end":{"line":16,"column":40}}],"line":16},"1":{"loc":{"start":{"line":17,"column":2},"end":{"line":17,"column":39}},"type":"default-arg","locations":[{"start":{"line":17,"column":14},"end":{"line":17,"column":39}}],"line":17}},"s":{"0":5},"f":{"0":5},"b":{"0":[4],"1":[5]},"_coverageSchema":"1a1c01bbd47fc00a2c39e90264f33305004495a9","hash":"345da8942fd3c3ce5e2c7f18e8402a0e93587024"}
,"/Users/shubs/1cs/projects/hoohacks26/packages/mobile/src/components/map/ReportMarker.tsx": {"path":"/Users/shubs/1cs/projects/hoohacks26/packages/mobile/src/components/map/ReportMarker.tsx","statementMap":{"0":{"start":{"line":12,"column":16},"end":{"line":12,"column":48}},"1":{"start":{"line":14,"column":2},"end":{"line":23,"column":4}}},"fnMap":{"0":{"name":"ReportMarker","decl":{"start":{"line":11,"column":16},"end":{"line":11,"column":28}},"loc":{"start":{"line":11,"column":57},"end":{"line":24,"column":1}},"line":11}},"branchMap":{},"s":{"0":6,"1":6},"f":{"0":6},"b":{},"_coverageSchema":"1a1c01bbd47fc00a2c39e90264f33305004495a9","hash":"c6da8d2b027e4f38ccdfe33599c0d6197ac29261"}
,"/Users/shubs/1cs/projects/hoohacks26/packages/mobile/src/components/map/UserMarker.tsx": {"path":"/Users/shubs/1cs/projects/hoohacks26/packages/mobile/src/components/map/UserMarker.tsx","statementMap":{"0":{"start":{"line":12,"column":2},"end":{"line":22,"column":4}},"1":{"start":{"line":25,"column":15},"end":{"line":42,"column":2}}},"fnMap":{"0":{"name":"UserMarker","decl":{"start":{"line":11,"column":16},"end":{"line":11,"column":26}},"loc":{"start":{"line":11,"column":59},"end":{"line":23,"column":1}},"line":11}},"branchMap":{},"s":{"0":2,"1":1},"f":{"0":2},"b":{},"_coverageSchema":"1a1c01bbd47fc00a2c39e90264f33305004495a9","hash":"028a0346c2f5e8baa1bf46223c8663c5e412ef09"}
,"/Users/shubs/1cs/projects/hoohacks26/packages/mobile/src/constants/map.ts": {"path":"/Users/shubs/1cs/projects/hoohacks26/packages/mobile/src/constants/map.ts","statementMap":{"0":{"start":{"line":3,"column":26},"end":{"line":3,"column":67}},"1":{"start":{"line":5,"column":63},"end":{"line":12,"column":1}},"2":{"start":{"line":14,"column":24},"end":{"line":14,"column":33}},"3":{"start":{"line":15,"column":26},"end":{"line":15,"column":35}},"4":{"start":{"line":17,"column":37},"end":{"line":17,"column":40}},"5":{"start":{"line":18,"column":42},"end":{"line":18,"column":46}},"6":{"start":{"line":19,"column":43},"end":{"line":19,"column":47}},"7":{"start":{"line":20,"column":48},"end":{"line":20,"column":51}}},"fnMap":{},"branchMap":{},"s":{"0":3,"1":3,"2":3,"3":3,"4":3,"5":3,"6":3,"7":3},"f":{},"b":{},"_coverageSchema":"1a1c01bbd47fc00a2c39e90264f33305004495a9","hash":"9d925138a45e9c89be8f004a2ea003f0d7d5d0bd"}
,"/Users/shubs/1cs/projects/hoohacks26/packages/mobile/src/hooks/useLocation.ts": {"path":"/Users/shubs/1cs/projects/hoohacks26/packages/mobile/src/hooks/useLocation.ts","statementMap":{"0":{"start":{"line":8,"column":20},"end":{"line":8,"column":56}},"1":{"start":{"line":8,"column":44},"end":{"line":8,"column":55}},"2":{"start":{"line":9,"column":52},"end":{"line":9,"column":67}},"3":{"start":{"line":10,"column":21},"end":{"line":10,"column":71}},"4":{"start":{"line":12,"column":2},"end":{"line":59,"column":14}},"5":{"start":{"line":13,"column":17},"end":{"line":13,"column":21}},"6":{"start":{"line":16,"column":25},"end":{"line":16,"column":75}},"7":{"start":{"line":17,"column":6},"end":{"line":17,"column":26}},"8":{"start":{"line":17,"column":19},"end":{"line":17,"column":26}},"9":{"start":{"line":18,"column":6},"end":{"line":18,"column":39}},"10":{"start":{"line":18,"column":32},"end":{"line":18,"column":39}},"11":{"start":{"line":19,"column":6},"end":{"line":19,"column":33}},"12":{"start":{"line":21,"column":22},"end":{"line":41,"column":7}},"13":{"start":{"line":28,"column":42},"end":{"line":28,"column":57}},"14":{"start":{"line":29,"column":10},"end":{"line":29,"column":45}},"15":{"start":{"line":31,"column":10},"end":{"line":39,"column":11}},"16":{"start":{"line":32,"column":12},"end":{"line":38,"column":31}},"17":{"start":{"line":42,"column":6},"end":{"line":42,"column":35}},"18":{"start":{"line":45,"column":4},"end":{"line":45,"column":12}},"19":{"start":{"line":47,"column":4},"end":{"line":58,"column":6}},"20":{"start":{"line":48,"column":6},"end":{"line":48,"column":21}},"21":{"start":{"line":49,"column":6},"end":{"line":49,"column":35}},"22":{"start":{"line":50,"column":6},"end":{"line":50,"column":32}},"23":{"start":{"line":51,"column":6},"end":{"line":57,"column":7}},"24":{"start":{"line":52,"column":8},"end":{"line":56,"column":27}},"25":{"start":{"line":61,"column":2},"end":{"line":61,"column":31}}},"fnMap":{"0":{"name":"useLocation","decl":{"start":{"line":7,"column":16},"end":{"line":7,"column":27}},"loc":{"start":{"line":7,"column":50},"end":{"line":62,"column":1}},"line":7},"1":{"name":"(anonymous_1)","decl":{"start":{"line":8,"column":37},"end":{"line":8,"column":38}},"loc":{"start":{"line":8,"column":44},"end":{"line":8,"column":55}},"line":8},"2":{"name":"(anonymous_2)","decl":{"start":{"line":12,"column":12},"end":{"line":12,"column":13}},"loc":{"start":{"line":12,"column":18},"end":{"line":59,"column":3}},"line":12},"3":{"name":"start","decl":{"start":{"line":15,"column":19},"end":{"line":15,"column":24}},"loc":{"start":{"line":15,"column":27},"end":{"line":43,"column":5}},"line":15},"4":{"name":"(anonymous_4)","decl":{"start":{"line":27,"column":8},"end":{"line":27,"column":9}},"loc":{"start":{"line":27,"column":22},"end":{"line":40,"column":9}},"line":27},"5":{"name":"(anonymous_5)","decl":{"start":{"line":38,"column":21},"end":{"line":38,"column":22}},"loc":{"start":{"line":38,"column":27},"end":{"line":38,"column":29}},"line":38},"6":{"name":"(anonymous_6)","decl":{"start":{"line":47,"column":11},"end":{"line":47,"column":12}},"loc":{"start":{"line":47,"column":17},"end":{"line":58,"column":5}},"line":47},"7":{"name":"(anonymous_7)","decl":{"start":{"line":56,"column":17},"end":{"line":56,"column":18}},"loc":{"start":{"line":56,"column":23},"end":{"line":56,"column":25}},"line":56}},"branchMap":{"0":{"loc":{"start":{"line":17,"column":6},"end":{"line":17,"column":26}},"type":"if","locations":[{"start":{"line":17,"column":6},"end":{"line":17,"column":26}},{"start":{},"end":{}}],"line":17},"1":{"loc":{"start":{"line":18,"column":6},"end":{"line":18,"column":39}},"type":"if","locations":[{"start":{"line":18,"column":6},"end":{"line":18,"column":39}},{"start":{},"end":{}}],"line":18},"2":{"loc":{"start":{"line":31,"column":10},"end":{"line":39,"column":11}},"type":"if","locations":[{"start":{"line":31,"column":10},"end":{"line":39,"column":11}},{"start":{},"end":{}}],"line":31},"3":{"loc":{"start":{"line":51,"column":6},"end":{"line":57,"column":7}},"type":"if","locations":[{"start":{"line":51,"column":6},"end":{"line":57,"column":7}},{"start":{},"end":{}}],"line":51}},"s":{"0":13,"1":41,"2":13,"3":13,"4":13,"5":7,"6":7,"7":7,"8":0,"9":7,"10":1,"11":6,"12":6,"13":2,"14":2,"15":2,"16":1,"17":6,"18":7,"19":7,"20":7,"21":7,"22":7,"23":7,"24":6,"25":13},"f":{"0":13,"1":41,"2":7,"3":7,"4":2,"5":0,"6":7,"7":0},"b":{"0":[0,7],"1":[1,6],"2":[1,1],"3":[6,1]},"_coverageSchema":"1a1c01bbd47fc00a2c39e90264f33305004495a9","hash":"96220576b6cbbc74a18c7fbb0e1ccc2dd7d397b2"}
,"/Users/shubs/1cs/projects/hoohacks26/packages/mobile/src/hooks/useSocket.ts": {"path":"/Users/shubs/1cs/projects/hoohacks26/packages/mobile/src/hooks/useSocket.ts","statementMap":{"0":{"start":{"line":13,"column":12},"end":{"line":13,"column":19}},"1":{"start":{"line":14,"column":15},"end":{"line":14,"column":46}},"2":{"start":{"line":15,"column":15},"end":{"line":15,"column":46}},"3":{"start":{"line":17,"column":4},"end":{"line":20,"column":29}},"4":{"start":{"line":21,"column":2},"end":{"line":21,"column":60}},"5":{"start":{"line":31,"column":17},"end":{"line":31,"column":50}},"6":{"start":{"line":31,"column":41},"end":{"line":31,"column":49}},"7":{"start":{"line":32,"column":36},"end":{"line":32,"column":51}},"8":{"start":{"line":33,"column":20},"end":{"line":33,"column":47}},"9":{"start":{"line":34,"column":21},"end":{"line":34,"column":70}},"10":{"start":{"line":36,"column":2},"end":{"line":89,"column":14}},"11":{"start":{"line":37,"column":19},"end":{"line":40,"column":6}},"12":{"start":{"line":41,"column":4},"end":{"line":41,"column":31}},"13":{"start":{"line":43,"column":4},"end":{"line":53,"column":7}},"14":{"start":{"line":44,"column":6},"end":{"line":44,"column":25}},"15":{"start":{"line":45,"column":6},"end":{"line":52,"column":7}},"16":{"start":{"line":46,"column":8},"end":{"line":50,"column":11}},"17":{"start":{"line":51,"column":8},"end":{"line":51,"column":77}},"18":{"start":{"line":55,"column":4},"end":{"line":55,"column":55}},"19":{"start":{"line":55,"column":34},"end":{"line":55,"column":53}},"20":{"start":{"line":57,"column":4},"end":{"line":63,"column":7}},"21":{"start":{"line":58,"column":6},"end":{"line":62,"column":7}},"22":{"start":{"line":59,"column":8},"end":{"line":59,"column":38}},"23":{"start":{"line":61,"column":8},"end":{"line":61,"column":54}},"24":{"start":{"line":65,"column":4},"end":{"line":71,"column":7}},"25":{"start":{"line":66,"column":6},"end":{"line":70,"column":7}},"26":{"start":{"line":67,"column":8},"end":{"line":67,"column":42}},"27":{"start":{"line":69,"column":8},"end":{"line":69,"column":58}},"28":{"start":{"line":73,"column":4},"end":{"line":79,"column":7}},"29":{"start":{"line":74,"column":6},"end":{"line":78,"column":7}},"30":{"start":{"line":75,"column":8},"end":{"line":75,"column":45}},"31":{"start":{"line":77,"column":8},"end":{"line":77,"column":58}},"32":{"start":{"line":81,"column":4},"end":{"line":83,"column":7}},"33":{"start":{"line":82,"column":6},"end":{"line":82,"column":50}},"34":{"start":{"line":85,"column":4},"end":{"line":88,"column":6}},"35":{"start":{"line":86,"column":6},"end":{"line":86,"column":26}},"36":{"start":{"line":87,"column":6},"end":{"line":87,"column":31}},"37":{"start":{"line":92,"column":2},"end":{"line":116,"column":15}},"38":{"start":{"line":93,"column":19},"end":{"line":93,"column":36}},"39":{"start":{"line":94,"column":4},"end":{"line":94,"column":35}},"40":{"start":{"line":94,"column":28},"end":{"line":94,"column":35}},"41":{"start":{"line":96,"column":17},"end":{"line":96,"column":35}},"42":{"start":{"line":97,"column":4},"end":{"line":105,"column":5}},"43":{"start":{"line":98,"column":6},"end":{"line":102,"column":9}},"44":{"start":{"line":103,"column":6},"end":{"line":103,"column":75}},"45":{"start":{"line":104,"column":6},"end":{"line":104,"column":13}},"46":{"start":{"line":107,"column":17},"end":{"line":107,"column":86}},"47":{"start":{"line":108,"column":4},"end":{"line":115,"column":5}},"48":{"start":{"line":109,"column":6},"end":{"line":113,"column":9}},"49":{"start":{"line":114,"column":6},"end":{"line":114,"column":75}},"50":{"start":{"line":118,"column":2},"end":{"line":118,"column":23}}},"fnMap":{"0":{"name":"distanceMeters","decl":{"start":{"line":9,"column":9},"end":{"line":9,"column":23}},"loc":{"start":{"line":12,"column":10},"end":{"line":22,"column":1}},"line":12},"1":{"name":"useSocket","decl":{"start":{"line":30,"column":16},"end":{"line":30,"column":25}},"loc":{"start":{"line":30,"column":77},"end":{"line":119,"column":1}},"line":30},"2":{"name":"(anonymous_2)","decl":{"start":{"line":31,"column":34},"end":{"line":31,"column":35}},"loc":{"start":{"line":31,"column":41},"end":{"line":31,"column":49}},"line":31},"3":{"name":"(anonymous_3)","decl":{"start":{"line":36,"column":12},"end":{"line":36,"column":13}},"loc":{"start":{"line":36,"column":18},"end":{"line":89,"column":3}},"line":36},"4":{"name":"(anonymous_4)","decl":{"start":{"line":43,"column":25},"end":{"line":43,"column":26}},"loc":{"start":{"line":43,"column":31},"end":{"line":53,"column":5}},"line":43},"5":{"name":"(anonymous_5)","decl":{"start":{"line":55,"column":28},"end":{"line":55,"column":29}},"loc":{"start":{"line":55,"column":34},"end":{"line":55,"column":53}},"line":55},"6":{"name":"(anonymous_6)","decl":{"start":{"line":57,"column":28},"end":{"line":57,"column":29}},"loc":{"start":{"line":57,"column":48},"end":{"line":63,"column":5}},"line":57},"7":{"name":"(anonymous_7)","decl":{"start":{"line":65,"column":32},"end":{"line":65,"column":33}},"loc":{"start":{"line":65,"column":52},"end":{"line":71,"column":5}},"line":65},"8":{"name":"(anonymous_8)","decl":{"start":{"line":73,"column":33},"end":{"line":73,"column":34}},"loc":{"start":{"line":73,"column":73},"end":{"line":79,"column":5}},"line":73},"9":{"name":"(anonymous_9)","decl":{"start":{"line":81,"column":33},"end":{"line":81,"column":34}},"loc":{"start":{"line":81,"column":101},"end":{"line":83,"column":5}},"line":81},"10":{"name":"(anonymous_10)","decl":{"start":{"line":85,"column":11},"end":{"line":85,"column":12}},"loc":{"start":{"line":85,"column":17},"end":{"line":88,"column":5}},"line":85},"11":{"name":"(anonymous_11)","decl":{"start":{"line":92,"column":12},"end":{"line":92,"column":13}},"loc":{"start":{"line":92,"column":18},"end":{"line":116,"column":3}},"line":92}},"branchMap":{"0":{"loc":{"start":{"line":38,"column":12},"end":{"line":38,"column":41}},"type":"cond-expr","locations":[{"start":{"line":38,"column":20},"end":{"line":38,"column":29}},{"start":{"line":38,"column":32},"end":{"line":38,"column":41}}],"line":38},"1":{"loc":{"start":{"line":45,"column":6},"end":{"line":52,"column":7}},"type":"if","locations":[{"start":{"line":45,"column":6},"end":{"line":52,"column":7}},{"start":{},"end":{}}],"line":45},"2":{"loc":{"start":{"line":58,"column":6},"end":{"line":62,"column":7}},"type":"if","locations":[{"start":{"line":58,"column":6},"end":{"line":62,"column":7}},{"start":{"line":60,"column":13},"end":{"line":62,"column":7}}],"line":58},"3":{"loc":{"start":{"line":66,"column":6},"end":{"line":70,"column":7}},"type":"if","locations":[{"start":{"line":66,"column":6},"end":{"line":70,"column":7}},{"start":{"line":68,"column":13},"end":{"line":70,"column":7}}],"line":66},"4":{"loc":{"start":{"line":74,"column":6},"end":{"line":78,"column":7}},"type":"if","locations":[{"start":{"line":74,"column":6},"end":{"line":78,"column":7}},{"start":{"line":76,"column":13},"end":{"line":78,"column":7}}],"line":74},"5":{"loc":{"start":{"line":94,"column":4},"end":{"line":94,"column":35}},"type":"if","locations":[{"start":{"line":94,"column":4},"end":{"line":94,"column":35}},{"start":{},"end":{}}],"line":94},"6":{"loc":{"start":{"line":94,"column":8},"end":{"line":94,"column":26}},"type":"binary-expr","locations":[{"start":{"line":94,"column":8},"end":{"line":94,"column":15}},{"start":{"line":94,"column":19},"end":{"line":94,"column":26}}],"line":94},"7":{"loc":{"start":{"line":97,"column":4},"end":{"line":105,"column":5}},"type":"if","locations":[{"start":{"line":97,"column":4},"end":{"line":105,"column":5}},{"start":{},"end":{}}],"line":97},"8":{"loc":{"start":{"line":108,"column":4},"end":{"line":115,"column":5}},"type":"if","locations":[{"start":{"line":108,"column":4},"end":{"line":115,"column":5}},{"start":{},"end":{}}],"line":108}},"s":{"0":2,"1":2,"2":2,"3":2,"4":2,"5":16,"6":50,"7":16,"8":16,"9":16,"10":16,"11":10,"12":10,"13":10,"14":4,"15":4,"16":3,"17":3,"18":10,"19":0,"20":10,"21":1,"22":1,"23":0,"24":10,"25":1,"26":1,"27":0,"28":10,"29":1,"30":1,"31":0,"32":10,"33":1,"34":10,"35":10,"36":10,"37":16,"38":12,"39":12,"40":7,"41":5,"42":5,"43":3,"44":3,"45":3,"46":2,"47":2,"48":1,"49":1,"50":16},"f":{"0":2,"1":16,"2":50,"3":10,"4":4,"5":0,"6":1,"7":1,"8":1,"9":1,"10":10,"11":12},"b":{"0":[10,0],"1":[3,1],"2":[1,0],"3":[1,0],"4":[1,0],"5":[7,5],"6":[12,12],"7":[3,2],"8":[1,1]},"_coverageSchema":"1a1c01bbd47fc00a2c39e90264f33305004495a9","hash":"80146012bcafce087c7b90b5a82cb550555a7108"}
,"/Users/shubs/1cs/projects/hoohacks26/packages/mobile/src/stores/auth.store.ts": {"path":"/Users/shubs/1cs/projects/hoohacks26/packages/mobile/src/stores/auth.store.ts","statementMap":{"0":{"start":{"line":6,"column":18},"end":{"line":6,"column":30}},"1":{"start":{"line":16,"column":28},"end":{"line":40,"column":3}},"2":{"start":{"line":16,"column":56},"end":{"line":40,"column":1}},"3":{"start":{"line":21,"column":21},"end":{"line":24,"column":5}},"4":{"start":{"line":25,"column":4},"end":{"line":25,"column":58}},"5":{"start":{"line":26,"column":4},"end":{"line":26,"column":48}},"6":{"start":{"line":30,"column":4},"end":{"line":30,"column":49}},"7":{"start":{"line":31,"column":4},"end":{"line":31,"column":37}},"8":{"start":{"line":35,"column":18},"end":{"line":35,"column":59}},"9":{"start":{"line":36,"column":4},"end":{"line":38,"column":5}},"10":{"start":{"line":37,"column":6},"end":{"line":37,"column":21}}},"fnMap":{"0":{"name":"(anonymous_0)","decl":{"start":{"line":16,"column":46},"end":{"line":16,"column":47}},"loc":{"start":{"line":16,"column":56},"end":{"line":40,"column":1}},"line":16},"1":{"name":"(anonymous_1)","decl":{"start":{"line":20,"column":9},"end":{"line":20,"column":10}},"loc":{"start":{"line":20,"column":52},"end":{"line":27,"column":3}},"line":20},"2":{"name":"(anonymous_2)","decl":{"start":{"line":29,"column":10},"end":{"line":29,"column":11}},"loc":{"start":{"line":29,"column":22},"end":{"line":32,"column":3}},"line":29},"3":{"name":"(anonymous_3)","decl":{"start":{"line":34,"column":19},"end":{"line":34,"column":20}},"loc":{"start":{"line":34,"column":31},"end":{"line":39,"column":3}},"line":34}},"branchMap":{"0":{"loc":{"start":{"line":36,"column":4},"end":{"line":38,"column":5}},"type":"if","locations":[{"start":{"line":36,"column":4},"end":{"line":38,"column":5}},{"start":{},"end":{}}],"line":36}},"s":{"0":1,"1":1,"2":1,"3":2,"4":1,"5":1,"6":1,"7":1,"8":2,"9":2,"10":1},"f":{"0":1,"1":2,"2":1,"3":2},"b":{"0":[1,1]},"_coverageSchema":"1a1c01bbd47fc00a2c39e90264f33305004495a9","hash":"4818fa9a4ae7d3769923e6a3b5d587bd356645e9"}
,"/Users/shubs/1cs/projects/hoohacks26/packages/mobile/src/stores/location.store.ts": {"path":"/Users/shubs/1cs/projects/hoohacks26/packages/mobile/src/stores/location.store.ts","statementMap":{"0":{"start":{"line":13,"column":32},"end":{"line":16,"column":3}},"1":{"start":{"line":13,"column":64},"end":{"line":16,"column":1}},"2":{"start":{"line":15,"column":33},"end":{"line":15,"column":48}}},"fnMap":{"0":{"name":"(anonymous_0)","decl":{"start":{"line":13,"column":54},"end":{"line":13,"column":55}},"loc":{"start":{"line":13,"column":64},"end":{"line":16,"column":1}},"line":13},"1":{"name":"(anonymous_1)","decl":{"start":{"line":15,"column":13},"end":{"line":15,"column":14}},"loc":{"start":{"line":15,"column":33},"end":{"line":15,"column":48}},"line":15}},"branchMap":{},"s":{"0":3,"1":3,"2":5},"f":{"0":3,"1":5},"b":{},"_coverageSchema":"1a1c01bbd47fc00a2c39e90264f33305004495a9","hash":"e8fafcc5c4d7180651d0f1c5a2929fc91db2b2d6"}
,"/Users/shubs/1cs/projects/hoohacks26/packages/mobile/src/utils/env.ts": {"path":"/Users/shubs/1cs/projects/hoohacks26/packages/mobile/src/utils/env.ts","statementMap":{"0":{"start":{"line":2,"column":2},"end":{"line":7,"column":3}},"1":{"start":{"line":3,"column":16},"end":{"line":3,"column":41}},"2":{"start":{"line":4,"column":4},"end":{"line":4,"column":27}},"3":{"start":{"line":6,"column":4},"end":{"line":6,"column":20}},"4":{"start":{"line":10,"column":23},"end":{"line":10,"column":81}},"5":{"start":{"line":11,"column":26},"end":{"line":11,"column":87}}},"fnMap":{"0":{"name":"safeEnvGet","decl":{"start":{"line":1,"column":9},"end":{"line":1,"column":19}},"loc":{"start":{"line":1,"column":59},"end":{"line":8,"column":1}},"line":1}},"branchMap":{"0":{"loc":{"start":{"line":4,"column":11},"end":{"line":4,"column":26}},"type":"binary-expr","locations":[{"start":{"line":4,"column":11},"end":{"line":4,"column":14}},{"start":{"line":4,"column":18},"end":{"line":4,"column":26}}],"line":4}},"s":{"0":6,"1":6,"2":6,"3":0,"4":3,"5":3},"f":{"0":6},"b":{"0":[6,0]},"_coverageSchema":"1a1c01bbd47fc00a2c39e90264f33305004495a9","hash":"1c2f8b36c0c7ea52a1ca039468e5158f8b06b6d8"}
}
