TN:
SF:src/components/map/RadiusCircle.tsx
FN:12,RadiusCircle
FNF:1
FNH:1
FNDA:5,RadiusCircle
DA:19,5
LF:1
LH:1
BRDA:16,0,0,4
BRDA:17,1,0,5
BRF:2
BRH:2
end_of_record
TN:
SF:src/components/map/ReportMarker.tsx
FN:11,ReportMarker
FNF:1
FNH:1
FNDA:6,ReportMarker
DA:12,6
DA:14,6
LF:2
LH:2
BRF:0
BRH:0
end_of_record
TN:
SF:src/components/map/UserMarker.tsx
FN:11,UserMarker
FNF:1
FNH:1
FNDA:2,UserMarker
DA:12,2
DA:25,1
LF:2
LH:2
BRF:0
BRH:0
end_of_record
TN:
SF:src/constants/map.ts
FNF:0
FNH:0
DA:3,3
DA:5,3
DA:14,3
DA:15,3
DA:17,3
DA:18,3
DA:19,3
DA:20,3
LF:8
LH:8
BRF:0
BRH:0
end_of_record
TN:
SF:src/hooks/useLocation.ts
FN:7,useLocation
FN:8,(anonymous_1)
FN:12,(anonymous_2)
FN:15,start
FN:27,(anonymous_4)
FN:38,(anonymous_5)
FN:47,(anonymous_6)
FN:56,(anonymous_7)
FNF:8
FNH:6
FNDA:13,useLocation
FNDA:41,(anonymous_1)
FNDA:7,(anonymous_2)
FNDA:7,start
FNDA:2,(anonymous_4)
FNDA:0,(anonymous_5)
FNDA:7,(anonymous_6)
FNDA:0,(anonymous_7)
DA:8,41
DA:9,13
DA:10,13
DA:12,13
DA:13,7
DA:16,7
DA:17,7
DA:18,7
DA:19,6
DA:21,6
DA:28,2
DA:29,2
DA:31,2
DA:32,1
DA:42,6
DA:45,7
DA:47,7
DA:48,7
DA:49,7
DA:50,7
DA:51,7
DA:52,6
DA:61,13
LF:23
LH:23
BRDA:17,0,0,0
BRDA:17,0,1,7
BRDA:18,1,0,1
BRDA:18,1,1,6
BRDA:31,2,0,1
BRDA:31,2,1,1
BRDA:51,3,0,6
BRDA:51,3,1,1
BRF:8
BRH:7
end_of_record
TN:
SF:src/hooks/useSocket.ts
FN:9,distanceMeters
FN:30,useSocket
FN:31,(anonymous_2)
FN:36,(anonymous_3)
FN:43,(anonymous_4)
FN:55,(anonymous_5)
FN:57,(anonymous_6)
FN:65,(anonymous_7)
FN:73,(anonymous_8)
FN:81,(anonymous_9)
FN:85,(anonymous_10)
FN:92,(anonymous_11)
FNF:12
FNH:11
FNDA:2,distanceMeters
FNDA:16,useSocket
FNDA:50,(anonymous_2)
FNDA:10,(anonymous_3)
FNDA:4,(anonymous_4)
FNDA:0,(anonymous_5)
FNDA:1,(anonymous_6)
FNDA:1,(anonymous_7)
FNDA:1,(anonymous_8)
FNDA:1,(anonymous_9)
FNDA:10,(anonymous_10)
FNDA:12,(anonymous_11)
DA:13,2
DA:14,2
DA:15,2
DA:17,2
DA:21,2
DA:31,50
DA:32,16
DA:33,16
DA:34,16
DA:36,16
DA:37,10
DA:41,10
DA:43,10
DA:44,4
DA:45,4
DA:46,3
DA:51,3
DA:55,10
DA:57,10
DA:58,1
DA:59,1
DA:61,0
DA:65,10
DA:66,1
DA:67,1
DA:69,0
DA:73,10
DA:74,1
DA:75,1
DA:77,0
DA:81,10
DA:82,1
DA:85,10
DA:86,10
DA:87,10
DA:92,16
DA:93,12
DA:94,12
DA:96,5
DA:97,5
DA:98,3
DA:103,3
DA:104,3
DA:107,2
DA:108,2
DA:109,1
DA:114,1
DA:118,16
LF:48
LH:45
BRDA:38,0,0,10
BRDA:38,0,1,0
BRDA:45,1,0,3
BRDA:45,1,1,1
BRDA:58,2,0,1
BRDA:58,2,1,0
BRDA:66,3,0,1
BRDA:66,3,1,0
BRDA:74,4,0,1
BRDA:74,4,1,0
BRDA:94,5,0,7
BRDA:94,5,1,5
BRDA:94,6,0,12
BRDA:94,6,1,12
BRDA:97,7,0,3
BRDA:97,7,1,2
BRDA:108,8,0,1
BRDA:108,8,1,1
BRF:18
BRH:14
end_of_record
TN:
SF:src/stores/auth.store.ts
FN:16,(anonymous_0)
FN:20,(anonymous_1)
FN:29,(anonymous_2)
FN:34,(anonymous_3)
FNF:4
FNH:4
FNDA:1,(anonymous_0)
FNDA:2,(anonymous_1)
FNDA:1,(anonymous_2)
FNDA:2,(anonymous_3)
DA:6,1
DA:16,1
DA:21,2
DA:25,1
DA:26,1
DA:30,1
DA:31,1
DA:35,2
DA:36,2
DA:37,1
LF:10
LH:10
BRDA:36,0,0,1
BRDA:36,0,1,1
BRF:2
BRH:2
end_of_record
TN:
SF:src/stores/location.store.ts
FN:13,(anonymous_0)
FN:15,(anonymous_1)
FNF:2
FNH:2
FNDA:3,(anonymous_0)
FNDA:5,(anonymous_1)
DA:13,3
DA:15,5
LF:2
LH:2
BRF:0
BRH:0
end_of_record
TN:
SF:src/utils/env.ts
FN:1,safeEnvGet
FNF:1
FNH:1
FNDA:6,safeEnvGet
DA:2,6
DA:3,6
DA:4,6
DA:6,0
DA:10,3
DA:11,3
LF:6
LH:5
BRDA:4,0,0,6
BRDA:4,0,1,0
BRF:2
BRH:1
end_of_record
